生成启动时间为 2022/12/2 10:59:54。
     1>项目“D:\code\VS2017_code\linuxcode\ThreadPool\ThreadPool\ThreadPool.vcxproj”在节点 2 上(Rebuild 个目标)。
     1>_PrepareForClean:
         正在删除文件“D:\code\VS2017_code\linuxcode\ThreadPool\ThreadPool\obj\x64\Debug\ThreadPool.tlog\ThreadPool.lastbuildstate”。
       InitializeBuildStatus:
         正在创建“D:\code\VS2017_code\linuxcode\ThreadPool\ThreadPool\obj\x64\Debug\ThreadPool.tlog\unsuccessfulbuild”，因为已指定“AlwaysCreate”。
       _ValidateSources:
         Validating sources
       _CopySources:
         Copying sources remotely to '192.168.79.129'
         Copying file 'D:\code\VS2017_code\linuxcode\ThreadPool\ThreadPool\main.c' to '/root/projects/ThreadPool/main.c'
         Copying file 'D:\code\VS2017_code\linuxcode\ThreadPool\ThreadPool\ThreadPool.c' to '/root/projects/ThreadPool/ThreadPool.c'
         Copying file 'D:\code\VS2017_code\linuxcode\ThreadPool\ThreadPool\ThreadPool.h' to '/root/projects/ThreadPool/ThreadPool.h'
       _ValidateValidArchitecture:
         Validating architecture
         Current project architecture 'x64' is compatible with the remote system architecture 'x64' ('x64').
       ClCompile:
         Starting remote build
         Compiling sources:
         Invoking 'g++'
         g++ -c -x c /root/projects/ThreadPool/main.c -g2 -gdwarf-2 -o "/root/projects/ThreadPool/obj/x64/Debug/main.o" -Wall -Wswitch -W"no-deprecated-declarations" -W"empty-body" -Wconversion -W"return-type" -Wparentheses -W"no-pointer-sign" -W"no-format" -Wuninitialized -W"unreachable-code" -W"unused-function" -W"unused-value" -W"unused-variable" -O0 -fno-strict-aliasing -fno-omit-frame-pointer -fexceptions -std=c11
         main.c
         Done compiling '/root/projects/ThreadPool/main.c'
         Invoking 'g++'
         g++ -c -x c /root/projects/ThreadPool/ThreadPool.c -g2 -gdwarf-2 -o "/root/projects/ThreadPool/obj/x64/Debug/ThreadPool.o" -Wall -Wswitch -W"no-deprecated-declarations" -W"empty-body" -Wconversion -W"return-type" -Wparentheses -W"no-pointer-sign" -W"no-format" -Wuninitialized -W"unreachable-code" -W"unused-function" -W"unused-value" -W"unused-variable" -O0 -fno-strict-aliasing -fno-omit-frame-pointer -fexceptions -std=c11
         ThreadPool.c
     1>D:\code\VS2017_code\linuxcode\ThreadPool\ThreadPool\ThreadPool.c(18,52): warning : conversion to ‘long unsigned int’ from ‘int’ may change the sign of the result [-Wsign-conversion]
D:\code\VS2017_code\linuxcode\ThreadPool\ThreadPool\ThreadPool.c(18,52): warning :    18 |  pool->queue = (TaskQueue*)malloc(sizeof(TaskQueue)*queueCapacity);
D:\code\VS2017_code\linuxcode\ThreadPool\ThreadPool\ThreadPool.c(18,52): warning :       |                                                    ^
     1>D:\code\VS2017_code\linuxcode\ThreadPool\ThreadPool\ThreadPool.c(29,55): warning : conversion to ‘long unsigned int’ from ‘int’ may change the sign of the result [-Wsign-conversion]
D:\code\VS2017_code\linuxcode\ThreadPool\ThreadPool\ThreadPool.c(29,55): warning :    29 |  pool->workers = (pthread_t *)malloc(sizeof(pthread_t)*max);//***
D:\code\VS2017_code\linuxcode\ThreadPool\ThreadPool\ThreadPool.c(29,55): warning :       |                                                       ^
     1>D:\code\VS2017_code\linuxcode\ThreadPool\ThreadPool\ThreadPool.c(35,44): warning : conversion to ‘long unsigned int’ from ‘int’ may change the sign of the result [-Wsign-conversion]
D:\code\VS2017_code\linuxcode\ThreadPool\ThreadPool\ThreadPool.c(35,44): warning :    35 |  memset(pool->workers, 0, sizeof(pthread_t)*max);//*******
D:\code\VS2017_code\linuxcode\ThreadPool\ThreadPool\ThreadPool.c(35,44): warning :       |                                            ^
         Done compiling '/root/projects/ThreadPool/ThreadPool.c'
         /root/projects/ThreadPool/ThreadPool.c: In function ‘ThreadPoolInit’:
         /root/projects/ThreadPool/ThreadPool.c:18:52: warning: conversion to ‘long unsigned int’ from ‘int’ may change the sign of the result [-Wsign-conversion]
            18 |  pool->queue = (TaskQueue*)malloc(sizeof(TaskQueue)*queueCapacity);
               |                                                    ^
         /root/projects/ThreadPool/ThreadPool.c:29:55: warning: conversion to ‘long unsigned int’ from ‘int’ may change the sign of the result [-Wsign-conversion]
            29 |  pool->workers = (pthread_t *)malloc(sizeof(pthread_t)*max);//***
               |                                                       ^
         /root/projects/ThreadPool/ThreadPool.c:35:44: warning: conversion to ‘long unsigned int’ from ‘int’ may change the sign of the result [-Wsign-conversion]
            35 |  memset(pool->workers, 0, sizeof(pthread_t)*max);//*******
               |                                            ^
         
       Link:
         Linking objects
         Invoking 'ld'
         g++ -o "/root/projects/ThreadPool/bin/x64/Debug/ThreadPool.out" -Wl,--no-undefined -Wl,--exclude-libs=pthreadVC2.lib -Wl,--exclude-libs=pthreadVCE2.lib -Wl,--exclude-libs=pthreadVSE2.lib -Wl,-z,relro -Wl,-z,now -Wl,-z,noexecstack /root/projects/ThreadPool/obj/x64/Debug/main.o /root/projects/ThreadPool/obj/x64/Debug/ThreadPool.o -lpthread
         Done linking, output file name: '/root/projects/ThreadPool/bin/x64/Debug/ThreadPool.out'
         Copying file '/root/projects/ThreadPool/bin/x64/Debug/ThreadPool.out' to 'D:\code\VS2017_code\linuxcode\ThreadPool\ThreadPool\bin\x64\Debug\ThreadPool.out'
         ThreadPool.vcxproj -> D:\code\VS2017_code\linuxcode\ThreadPool\ThreadPool\bin\x64\Debug\ThreadPool.out
       FinalizeBuildStatus:
         正在删除文件“D:\code\VS2017_code\linuxcode\ThreadPool\ThreadPool\obj\x64\Debug\ThreadPool.tlog\unsuccessfulbuild”。
         正在对“D:\code\VS2017_code\linuxcode\ThreadPool\ThreadPool\obj\x64\Debug\ThreadPool.tlog\ThreadPool.lastbuildstate”执行 Touch 任务。
     1>已完成生成项目“D:\code\VS2017_code\linuxcode\ThreadPool\ThreadPool\ThreadPool.vcxproj”(Rebuild 个目标)的操作。

已成功生成。

       “D:\code\VS2017_code\linuxcode\ThreadPool\ThreadPool\ThreadPool.vcxproj”(Rebuild 目标) (1) ->
       (ClCompile 目标) -> 
         D:\code\VS2017_code\linuxcode\ThreadPool\ThreadPool\ThreadPool.c(18,52): warning : conversion to ‘long unsigned int’ from ‘int’ may change the sign of the result [-Wsign-conversion]
       D:\code\VS2017_code\linuxcode\ThreadPool\ThreadPool\ThreadPool.c(18,52): warning :    18 |  pool->queue = (TaskQueue*)malloc(sizeof(TaskQueue)*queueCapacity);
       D:\code\VS2017_code\linuxcode\ThreadPool\ThreadPool\ThreadPool.c(18,52): warning :       |                                                    ^
         D:\code\VS2017_code\linuxcode\ThreadPool\ThreadPool\ThreadPool.c(29,55): warning : conversion to ‘long unsigned int’ from ‘int’ may change the sign of the result [-Wsign-conversion]
       D:\code\VS2017_code\linuxcode\ThreadPool\ThreadPool\ThreadPool.c(29,55): warning :    29 |  pool->workers = (pthread_t *)malloc(sizeof(pthread_t)*max);//***
       D:\code\VS2017_code\linuxcode\ThreadPool\ThreadPool\ThreadPool.c(29,55): warning :       |                                                       ^
         D:\code\VS2017_code\linuxcode\ThreadPool\ThreadPool\ThreadPool.c(35,44): warning : conversion to ‘long unsigned int’ from ‘int’ may change the sign of the result [-Wsign-conversion]
       D:\code\VS2017_code\linuxcode\ThreadPool\ThreadPool\ThreadPool.c(35,44): warning :    35 |  memset(pool->workers, 0, sizeof(pthread_t)*max);//*******
       D:\code\VS2017_code\linuxcode\ThreadPool\ThreadPool\ThreadPool.c(35,44): warning :       |                                            ^

    3 个警告
    0 个错误

已用时间 00:00:02.80
